This is pdfTeX, Version 3.141592653-2.6-1.40.24 (MiKTeX 22.7) (preloaded format=pdflatex 2022.8.16)  17 AUG 2022 07:45
entering extended mode
 restricted \write18 enabled.
 %&-line parsing enabled.
**./report.tex
(report.tex
LaTeX2e <2022-06-01> patch level 5
L3 programming layer <2022-08-05>
(/usr/local/share/miktex-texmf/tex/latex/base/article.cls
Document Class: article 2021/10/04 v1.4n Standard LaTeX document class
(/usr/local/share/miktex-texmf/tex/latex/base/size11.clo
File: size11.clo 2021/10/04 v1.4n Standard LaTeX file (size option)
)
\c@part=\count185
\c@section=\count186
\c@subsection=\count187
\c@subsubsection=\count188
\c@paragraph=\count189
\c@subparagraph=\count190
\c@figure=\count191
\c@table=\count192
\abovecaptionskip=\skip47
\belowcaptionskip=\skip48
\bibindent=\dimen138
)
(/home/pritipriya/.miktex/texmfs/install/tex/latex/geometry/geometry.sty
Package: geometry 2020/01/02 v5.9 Page Geometry

(/usr/local/share/miktex-texmf/tex/latex/graphics/keyval.sty
Package: keyval 2022/05/29 v1.15 key=value parser (DPC)
\KV@toks@=\toks16
)
(/usr/local/share/miktex-texmf/tex/generic/iftex/ifvtex.sty
Package: ifvtex 2019/10/25 v1.7 ifvtex legacy package. Use iftex instead.

(/usr/local/share/miktex-texmf/tex/generic/iftex/iftex.sty
Package: iftex 2022/02/03 v1.0f TeX engine tests
))
\Gm@cnth=\count193
\Gm@cntv=\count194
\c@Gm@tempcnt=\count195
\Gm@bindingoffset=\dimen139
\Gm@wd@mp=\dimen140
\Gm@odd@mp=\dimen141
\Gm@even@mp=\dimen142
\Gm@layoutwidth=\dimen143
\Gm@layoutheight=\dimen144
\Gm@layouthoffset=\dimen145
\Gm@layoutvoffset=\dimen146
\Gm@dimlist=\toks17

(/home/pritipriya/.miktex/texmfs/install/tex/latex/geometry/geometry.cfg))
(/usr/local/share/miktex-texmf/tex/latex/graphics/graphicx.sty
Package: graphicx 2021/09/16 v1.2d Enhanced LaTeX Graphics (DPC,SPQR)

(/usr/local/share/miktex-texmf/tex/latex/graphics/graphics.sty
Package: graphics 2022/03/10 v1.4e Standard LaTeX Graphics (DPC,SPQR)

(/usr/local/share/miktex-texmf/tex/latex/graphics/trig.sty
Package: trig 2021/08/11 v1.11 sin cos tan (DPC)
)
(/usr/local/share/miktex-texmf/tex/latex/graphics-cfg/graphics.cfg
File: graphics.cfg 2016/06/04 v1.11 sample graphics configuration
)
Package graphics Info: Driver file: pdftex.def on input line 107.

(/usr/local/share/miktex-texmf/tex/latex/graphics-def/pdftex.def
File: pdftex.def 2020/10/05 v1.2a Graphics/color driver for pdftex
))
\Gin@req@height=\dimen147
\Gin@req@width=\dimen148
)
(/usr/local/share/miktex-texmf/tex/latex/tools/multicol.sty
Package: multicol 2021/10/28 v1.9b multicolumn formatting (FMi)
\c@tracingmulticols=\count196


Package multicol Warning: May not work with the twocolumn option on input line 
142.

\mult@box=\box51
\multicol@leftmargin=\dimen149
\c@unbalance=\count197
\c@collectmore=\count198
\doublecol@number=\count199
\multicoltolerance=\count266
\multicolpretolerance=\count267
\full@width=\dimen150
\page@free=\dimen151
\premulticols=\dimen152
\postmulticols=\dimen153
\multicolsep=\skip49
\multicolbaselineskip=\skip50
\partial@page=\box52
\last@line=\box53
\maxbalancingoverflow=\dimen154
\mult@rightbox=\box54
\mult@grightbox=\box55
\mult@firstbox=\box56
\mult@gfirstbox=\box57
\@tempa=\box58
\@tempa=\box59
\@tempa=\box60
\@tempa=\box61
\@tempa=\box62
\@tempa=\box63
\@tempa=\box64
\@tempa=\box65
\@tempa=\box66
\@tempa=\box67
\@tempa=\box68
\@tempa=\box69
\@tempa=\box70
\@tempa=\box71
\@tempa=\box72
\@tempa=\box73
\@tempa=\box74
\@tempa=\box75
\@tempa=\box76
\@tempa=\box77
\@tempa=\box78
\@tempa=\box79
\@tempa=\box80
\@tempa=\box81
\@tempa=\box82
\@tempa=\box83
\@tempa=\box84
\@tempa=\box85
\@tempa=\box86
\@tempa=\box87
\@tempa=\box88
\@tempa=\box89
\@tempa=\box90
\@tempa=\box91
\@tempa=\box92
\@tempa=\box93
\c@minrows=\count268
\c@columnbadness=\count269
\c@finalcolumnbadness=\count270
\last@try=\dimen155
\multicolovershoot=\dimen156
\multicolundershoot=\dimen157
\mult@nat@firstbox=\box94
\colbreak@box=\box95
\mc@col@check@num=\count271
) (/home/pritipriya/.miktex/texmfs/install/tex/latex/caption/subcaption.sty
Package: subcaption 2022/01/07 v1.5 Sub-captions (AR)

(/home/pritipriya/.miktex/texmfs/install/tex/latex/caption/caption.sty
Package: caption 2022/03/01 v3.6b Customizing captions (AR)

(/home/pritipriya/.miktex/texmfs/install/tex/latex/caption/caption3.sty
Package: caption3 2022/03/17 v2.3b caption3 kernel (AR)
\caption@tempdima=\dimen158
\captionmargin=\dimen159
\caption@leftmargin=\dimen160
\caption@rightmargin=\dimen161
\caption@width=\dimen162
\caption@indent=\dimen163
\caption@parindent=\dimen164
\caption@hangindent=\dimen165
Package caption Info: Standard document class detected.
)
\c@caption@flags=\count272
\c@continuedfloat=\count273
)
\c@subfigure=\count274
\c@subtable=\count275
)
(/home/pritipriya/.miktex/texmfs/install/tex/latex/float/float.sty
Package: float 2001/11/08 v1.3d Float enhancements (AL)
\c@float@type=\count276
\float@exts=\toks18
\float@box=\box96
\@float@everytoks=\toks19
\@floatcapt=\box97
)
(/usr/local/share/miktex-texmf/tex/latex/amsmath/amsmath.sty
Package: amsmath 2022/04/08 v2.17n AMS math features
\@mathmargin=\skip51

For additional information on amsmath, use the `?' option.
(/usr/local/share/miktex-texmf/tex/latex/amsmath/amstext.sty
Package: amstext 2021/08/26 v2.01 AMS text

(/usr/local/share/miktex-texmf/tex/latex/amsmath/amsgen.sty
File: amsgen.sty 1999/11/30 v2.0 generic functions
\@emptytoks=\toks20
\ex@=\dimen166
))
(/usr/local/share/miktex-texmf/tex/latex/amsmath/amsbsy.sty
Package: amsbsy 1999/11/29 v1.2d Bold Symbols
\pmbraise@=\dimen167
)
(/usr/local/share/miktex-texmf/tex/latex/amsmath/amsopn.sty
Package: amsopn 2022/04/08 v2.04 operator names
)
\inf@bad=\count277
LaTeX Info: Redefining \frac on input line 234.
\uproot@=\count278
\leftroot@=\count279
LaTeX Info: Redefining \overline on input line 399.
LaTeX Info: Redefining \colon on input line 410.
\classnum@=\count280
\DOTSCASE@=\count281
LaTeX Info: Redefining \ldots on input line 496.
LaTeX Info: Redefining \dots on input line 499.
LaTeX Info: Redefining \cdots on input line 620.
\Mathstrutbox@=\box98
\strutbox@=\box99
LaTeX Info: Redefining \big on input line 722.
LaTeX Info: Redefining \Big on input line 723.
LaTeX Info: Redefining \bigg on input line 724.
LaTeX Info: Redefining \Bigg on input line 725.
\big@size=\dimen168
LaTeX Font Info:    Redeclaring font encoding OML on input line 743.
LaTeX Font Info:    Redeclaring font encoding OMS on input line 744.
\macc@depth=\count282
LaTeX Info: Redefining \bmod on input line 905.
LaTeX Info: Redefining \pmod on input line 910.
LaTeX Info: Redefining \smash on input line 940.
LaTeX Info: Redefining \relbar on input line 970.
LaTeX Info: Redefining \Relbar on input line 971.
\c@MaxMatrixCols=\count283
\dotsspace@=\muskip16
\c@parentequation=\count284
\dspbrk@lvl=\count285
\tag@help=\toks21
\row@=\count286
\column@=\count287
\maxfields@=\count288
\andhelp@=\toks22
\eqnshift@=\dimen169
\alignsep@=\dimen170
\tagshift@=\dimen171
\tagwidth@=\dimen172
\totwidth@=\dimen173
\lineht@=\dimen174
\@envbody=\toks23
\multlinegap=\skip52
\multlinetaggap=\skip53
\mathdisplay@stack=\toks24
LaTeX Info: Redefining \[ on input line 2953.
LaTeX Info: Redefining \] on input line 2954.
)
(/usr/local/share/miktex-texmf/tex/latex/l3backend/l3backend-pdftex.def
File: l3backend-pdftex.def 2022-08-05 L3 backend support: PDF output (pdfTeX)
\l__color_backend_stack_int=\count289
\l__pdf_internal_box=\box100
)
(report.aux)
\openout1 = `report.aux'.

LaTeX Font Info:    Checking defaults for OML/cmm/m/it on input line 15.
LaTeX Font Info:    ... okay on input line 15.
LaTeX Font Info:    Checking defaults for OMS/cmsy/m/n on input line 15.
LaTeX Font Info:    ... okay on input line 15.
LaTeX Font Info:    Checking defaults for OT1/cmr/m/n on input line 15.
LaTeX Font Info:    ... okay on input line 15.
LaTeX Font Info:    Checking defaults for T1/cmr/m/n on input line 15.
LaTeX Font Info:    ... okay on input line 15.
LaTeX Font Info:    Checking defaults for TS1/cmr/m/n on input line 15.
LaTeX Font Info:    ... okay on input line 15.
LaTeX Font Info:    Checking defaults for OMX/cmex/m/n on input line 15.
LaTeX Font Info:    ... okay on input line 15.
LaTeX Font Info:    Checking defaults for U/cmr/m/n on input line 15.
LaTeX Font Info:    ... okay on input line 15.

*geometry* driver: auto-detecting
*geometry* detected driver: pdftex
*geometry* verbose mode - [ preamble ] result:
* driver: pdftex
* paper: <default>
* layout: <same size as paper>
* layoutoffset:(h,v)=(0.0pt,0.0pt)
* modes: 
* h-part:(L,W,R)=(72.26999pt, 469.75502pt, 72.26999pt)
* v-part:(T,H,B)=(72.26999pt, 650.43001pt, 72.26999pt)
* \paperwidth=614.295pt
* \paperheight=794.96999pt
* \textwidth=469.75502pt
* \textheight=650.43001pt
* \oddsidemargin=0.0pt
* \evensidemargin=0.0pt
* \topmargin=-37.0pt
* \headheight=12.0pt
* \headsep=25.0pt
* \topskip=11.0pt
* \footskip=30.0pt
* \marginparwidth=4.0pt
* \marginparsep=10.0pt
* \columnsep=10.0pt
* \skip\footins=10.0pt plus 4.0pt minus 2.0pt
* \hoffset=0.0pt
* \voffset=0.0pt
* \mag=1000
* \@twocolumntrue
* \@twosidefalse
* \@mparswitchfalse
* \@reversemarginfalse
* (1in=72.27pt=25.4mm, 1cm=28.453pt)

(/usr/local/share/miktex-texmf/tex/context/base/mkii/supp-pdf.mkii
[Loading MPS to PDF converter (version 2006.09.02).]
\scratchcounter=\count290
\scratchdimen=\dimen175
\scratchbox=\box101
\nofMPsegments=\count291
\nofMParguments=\count292
\everyMPshowfont=\toks25
\MPscratchCnt=\count293
\MPscratchDim=\dimen176
\MPnumerator=\count294
\makeMPintoPDFobject=\count295
\everyMPtoPDFconversion=\toks26
) (/usr/local/share/miktex-texmf/tex/latex/epstopdf-pkg/epstopdf-base.sty
Package: epstopdf-base 2020-01-24 v2.11 Base part for package epstopdf

(/home/pritipriya/.miktex/texmfs/install/tex/generic/infwarerr/infwarerr.sty
Package: infwarerr 2019/12/03 v1.5 Providing info/warning/error messages (HO)
)
(/home/pritipriya/.miktex/texmfs/install/tex/latex/grfext/grfext.sty
Package: grfext 2019/12/03 v1.3 Manage graphics extensions (HO)

(/home/pritipriya/.miktex/texmfs/install/tex/generic/kvdefinekeys/kvdefinekeys.
sty
Package: kvdefinekeys 2019-12-19 v1.6 Define keys (HO)
))
(/home/pritipriya/.miktex/texmfs/install/tex/latex/kvoptions/kvoptions.sty
Package: kvoptions 2022-06-15 v3.15 Key value format for package options (HO)

(/home/pritipriya/.miktex/texmfs/install/tex/generic/ltxcmds/ltxcmds.sty
Package: ltxcmds 2020-05-10 v1.25 LaTeX kernel commands for general use (HO)
)
(/home/pritipriya/.miktex/texmfs/install/tex/generic/kvsetkeys/kvsetkeys.sty
Package: kvsetkeys 2019/12/15 v1.18 Key value parser (HO)
))
(/usr/local/share/miktex-texmf/tex/generic/pdftexcmds/pdftexcmds.sty
Package: pdftexcmds 2020-06-27 v0.33 Utility functions of pdfTeX for LuaTeX (HO
)
Package pdftexcmds Info: \pdf@primitive is available.
Package pdftexcmds Info: \pdf@ifprimitive is available.
Package pdftexcmds Info: \pdfdraftmode found.
)
Package epstopdf-base Info: Redefining graphics rule for `.eps' on input line 4
85.
Package grfext Info: Graphics extension search list:
(grfext)             [.pdf,.png,.jpg,.mps,.jpeg,.jbig2,.jb2,.PDF,.PNG,.JPG,.JPE
G,.JBIG2,.JB2,.eps]
(grfext)             \AppendGraphicsExtensions on input line 504.

(/usr/local/share/miktex-texmf/tex/latex/00miktex/epstopdf-sys.cfg
File: epstopdf-sys.cfg 2021/03/18 v2.0 Configuration of epstopdf for MiKTeX
))
Package caption Info: Begin \AtBeginDocument code.
Package caption Info: float package is loaded.
Package caption Info: End \AtBeginDocument code.
<./images//nearest.jpg, id=1, 620.3175pt x 618.31pt>
File: ./images//nearest.jpg Graphic file (type jpg)
<use ./images//nearest.jpg>
Package pdftex.def Info: ./images//nearest.jpg  used on input line 35.
(pdftex.def)             Requested size: 206.88834pt x 206.21289pt.
<./images//PBC.jpg, id=2, 390.45876pt x 389.455pt>
File: ./images//PBC.jpg Graphic file (type jpg)
<use ./images//PBC.jpg>
Package pdftex.def Info: ./images//PBC.jpg  used on input line 43.
(pdftex.def)             Requested size: 195.39728pt x 194.8934pt.
 [1{/home/pritipriya/.miktex/texmfs/data/fonts/map/pdftex/pdftex.map}


 <./images//nearest.jpg>]
Underfull \hbox (badness 2582) in paragraph at lines 51--52
\OT1/cmr/m/n/10.95 If the two co-or-di-nates are $(\OML/cmm/m/it/10.95 x[]; y[]
; z[]\OT1/cmr/m/n/10.95 )$ and
 []


Underfull \hbox (badness 1389) in paragraph at lines 64--65
\OT1/cmr/m/n/10.95 breaks the flow which makes par-al-leliza-tion
 []


Underfull \hbox (badness 10000) in paragraph at lines 64--65

 []

<./images//dcalc.jpg, id=16, 395.4775pt x 395.4775pt>
File: ./images//dcalc.jpg Graphic file (type jpg)
<use ./images//dcalc.jpg>
Package pdftex.def Info: ./images//dcalc.jpg  used on input line 79.
(pdftex.def)             Requested size: 195.39728pt x 195.39688pt.
[2 <./images//PBC.jpg> <./images//dcalc.jpg>]
<./images//grideg.jpg, id=28, 813.0375pt x 813.0375pt>
File: ./images//grideg.jpg Graphic file (type jpg)
<use ./images//grideg.jpg>
Package pdftex.def Info: ./images//grideg.jpg  used on input line 93.
(pdftex.def)             Requested size: 206.88834pt x 206.88141pt.
<./images//brute.png, id=29, 403.5075pt x 279.0425pt>
File: ./images//brute.png Graphic file (type png)
<use ./images//brute.png>
Package pdftex.def Info: ./images//brute.png  used on input line 104.
(pdftex.def)             Requested size: 206.88834pt x 143.07193pt.
<./images//brutelog.png, id=31, 385.44pt x 266.9975pt>
File: ./images//brutelog.png Graphic file (type png)
<use ./images//brutelog.png>
Package pdftex.def Info: ./images//brutelog.png  used on input line 117.
(pdftex.def)             Requested size: 206.88834pt x 143.31279pt.


LaTeX Warning: `h' float specifier changed to `ht'.

<./images//brutefit.png, id=32, 385.44pt x 262.9825pt>
File: ./images//brutefit.png Graphic file (type png)
<use ./images//brutefit.png>
Package pdftex.def Info: ./images//brutefit.png  used on input line 124.
(pdftex.def)             Requested size: 206.88834pt x 141.15771pt.
[3 <./images//grideg.jpg> <./images//brute.png> <./images//brutelog.png> <./ima
ges//brutefit.png>]
<./images//gridperaxis.png, id=40, 947.54pt x 715.67375pt>
File: ./images//gridperaxis.png Graphic file (type png)
<use ./images//gridperaxis.png>
Package pdftex.def Info: ./images//gridperaxis.png  used on input line 133.
(pdftex.def)             Requested size: 469.75502pt x 354.80016pt.

Underfull \hbox (badness 10000) in paragraph at lines 139--140

 []

<./images//gridn.jpg, id=41, 511.9125pt x 531.9875pt>
File: ./images//gridn.jpg Graphic file (type jpg)
<use ./images//gridn.jpg>
Package pdftex.def Info: ./images//gridn.jpg  used on input line 145.
(pdftex.def)             Requested size: 206.88834pt x 214.99918pt.

Overfull \vbox (4.20932pt too high) has occurred while \output is active []


Overfull \vbox (3.7621pt too high) has occurred while \output is active []


[4

 <./images//gridperaxis.png> <./images//gridn.jpg>]
<./images//subcell.png, id=46, 613.29124pt x 388.45125pt>
File: ./images//subcell.png Graphic file (type png)
<use ./images//subcell.png>
Package pdftex.def Info: ./images//subcell.png  used on input line 155.
(pdftex.def)             Requested size: 229.8775pt x 145.59772pt.
<./images//subcelllog.png, id=47, 337.26pt x 262.9825pt>
File: ./images//subcelllog.png Graphic file (type png)
<use ./images//subcelllog.png>
Package pdftex.def Info: ./images//subcelllog.png  used on input line 162.
(pdftex.def)             Requested size: 229.8775pt x 179.25107pt.
<./images//subcellfit.png, id=48, 505.89pt x 372.39125pt>
File: ./images//subcellfit.png Graphic file (type png)
<use ./images//subcellfit.png>
Package pdftex.def Info: ./images//subcellfit.png  used on input line 169.
(pdftex.def)             Requested size: 229.8775pt x 169.21667pt.


LaTeX Warning: `h' float specifier changed to `ht'.

<./images//gridfit.png, id=49, 489.83pt x 388.45125pt>
File: ./images//gridfit.png Graphic file (type png)
<use ./images//gridfit.png>
Package pdftex.def Info: ./images//gridfit.png  used on input line 186.
(pdftex.def)             Requested size: 229.8775pt x 182.29945pt.
[5

 <./images//subcell.png> <./images//subcelllog.png> <./images//subcellfit.png> 
<./images//gridfit.png>]
<./images//fig.jpg, id=57, 3212.0pt x 1504.62125pt>
File: ./images//fig.jpg Graphic file (type jpg)
<use ./images//fig.jpg>
Package pdftex.def Info: ./images//fig.jpg  used on input line 195.
(pdftex.def)             Requested size: 469.75502pt x 220.03561pt.

Overfull \hbox (10.95003pt too wide) in paragraph at lines 203--204
[][] 
 []

[6

 <./images//fig.jpg>] (report.aux) ) 
Here is how much of TeX's memory you used:
 4950 strings out of 477993
 86301 string characters out of 2834547
 397556 words of memory out of 3000000
 23678 multiletter control sequences out of 15000+600000
 478231 words of font info for 59 fonts, out of 8000000 for 9000
 1141 hyphenation exceptions out of 8191
 67i,10n,77p,781b,420s stack positions out of 10000i,1000n,20000p,200000b,80000s
</usr/local/share/miktex-texmf/fonts/type1/
public/amsfonts/cm/cmbx10.pfb></usr/local/share/miktex-texmf/fonts/type1/public
/amsfonts/cm/cmbx12.pfb></usr/local/share/miktex-texmf/fonts/type1/public/amsfo
nts/cm/cmbxti10.pfb></usr/local/share/miktex-texmf/fonts/type1/public/amsfonts/
cm/cmex10.pfb></usr/local/share/miktex-texmf/fonts/type1/public/amsfonts/cm/cmm
i10.pfb></usr/local/share/miktex-texmf/fonts/type1/public/amsfonts/cm/cmmi7.pfb
></usr/local/share/miktex-texmf/fonts/type1/public/amsfonts/cm/cmmi8.pfb></usr/
local/share/miktex-texmf/fonts/type1/public/amsfonts/cm/cmr10.pfb></usr/local/s
hare/miktex-texmf/fonts/type1/public/amsfonts/cm/cmr12.pfb></usr/local/share/mi
ktex-texmf/fonts/type1/public/amsfonts/cm/cmr17.pfb></usr/local/share/miktex-te
xmf/fonts/type1/public/amsfonts/cm/cmr5.pfb></usr/local/share/miktex-texmf/font
s/type1/public/amsfonts/cm/cmr6.pfb></usr/local/share/miktex-texmf/fonts/type1/
public/amsfonts/cm/cmr7.pfb></usr/local/share/miktex-texmf/fonts/type1/public/a
msfonts/cm/cmr8.pfb></usr/local/share/miktex-texmf/fonts/type1/public/amsfonts/
cm/cmr9.pfb></usr/local/share/miktex-texmf/fonts/type1/public/amsfonts/cm/cmsy1
0.pfb></usr/local/share/miktex-texmf/fonts/type1/public/amsfonts/cm/cmsy9.pfb><
/usr/local/share/miktex-texmf/fonts/type1/public/amsfonts/cm/cmti10.pfb>
Output written on report.pdf (6 pages, 785240 bytes).
PDF statistics:
 134 PDF objects out of 1000 (max. 8388607)
 0 named destinations out of 1000 (max. 500000)
 71 words of extra memory for PDF output out of 10000 (max. 10000000)

